<?xml version="1.0" encoding="UTF-8"?>
<!-- Generated by org.testng.reporters.JUnitXMLReporter -->
<testsuite hostname="Emmyray" ignored="0" name="Quandoo ProjectTest" tests="6" failures="2" timestamp="18 Feb 2018 17:34:55 GMT" time="145.186" errors="0">
  <testcase name="firstImageHover" time="4.245" classname="testCases.HoverTestCase"/>
  <testcase name="testCorrectUserNameCorrectPassWord" time="3.129" classname="testCases.LoginTest"/>
  <testcase name="testCorrectUserNameWrongPassWord" time="4.684" classname="testCases.LoginTest"/>
  <testcase name="testWrongUserNameCorrectPassWord" time="3.501" classname="testCases.LoginTest"/>
  <testcase name="tableSortTestAscending" time="1.21" classname="testCases.SortableTest">
    <failure type="java.lang.AssertionError" message="expected [true] but found [false]">
      <![CDATA[java.lang.AssertionError: expected [true] but found [false]
	at testCases.SortableTest.tableSortTestAscending(SortableTest.java:28)
... Removed 29 stack frames]]>
    </failure>
  </testcase> <!-- tableSortTestAscending -->
  <testcase name="tableSortTestDescending" time="2.039" classname="testCases.SortableTest">
    <failure type="java.lang.AssertionError" message="expected [true] but found [false]">
      <![CDATA[java.lang.AssertionError: expected [true] but found [false]
	at testCases.SortableTest.tableSortTestDescending(SortableTest.java:39)
... Removed 29 stack frames]]>
    </failure>
  </testcase> <!-- tableSortTestDescending -->
</testsuite> <!-- Quandoo ProjectTest -->
