<!DOCTYPE html PUBLIC "-//W3C//DTD XHTML 1.1//EN" "http://www.w3.org/TR/xhtml11/DTD/xhtml11.dtd">
<html xmlns="http://www.w3.org/1999/xhtml"><head><title>TestNG Report</title><style type="text/css">table {margin-bottom:10px;border-collapse:collapse;empty-cells:show}th,td {border:1px solid #009;padding:.25em .5em}th {vertical-align:bottom}td {vertical-align:top}table a {font-weight:bold}.stripe td {background-color: #E6EBF9}.num {text-align:right}.passedodd td {background-color: #3F3}.passedeven td {background-color: #0A0}.skippedodd td {background-color: #DDD}.skippedeven td {background-color: #CCC}.failedodd td,.attn {background-color: #F33}.failedeven td,.stripe .attn {background-color: #D00}.stacktrace {white-space:pre;font-family:monospace}.totop {font-size:85%;text-align:center;border-bottom:2px solid #000}</style></head><body><table><tr><th>Test</th><th># Passed</th><th># Skipped</th><th># Failed</th><th>Time (ms)</th><th>Included Groups</th><th>Excluded Groups</th></tr><tr><th colspan="7">Functional TestSuite</th></tr><tr><td><a href="#t0">Quandoo ProjectTest</a></td><td class="num">4</td><td class="num">0</td><td class="num attn">2</td><td class="num">145,186</td><td></td><td></td></tr></table><table id='summary'><thead><tr><th>Class</th><th>Method</th><th>Start</th><th>Time (ms)</th></tr></thead><tbody><tr><th colspan="4">Functional TestSuite</th></tr></tbody><tbody id="t0"><tr><th colspan="4">Quandoo ProjectTest &#8212; failed</th></tr><tr class="failedeven"><td rowspan="2">testCases.SortableTest</td><td><a href="#m0">tableSortTestAscending</a></td><td rowspan="1">1518975267104</td><td rowspan="1">1210</td></tr><tr class="failedeven"><td><a href="#m1">tableSortTestDescending</a></td><td rowspan="1">1518975291293</td><td rowspan="1">2039</td></tr><tr><th colspan="4">Quandoo ProjectTest &#8212; passed</th></tr><tr class="passedeven"><td rowspan="1">testCases.HoverTestCase</td><td><a href="#m2">firstImageHover</a></td><td rowspan="1">1518975171861</td><td rowspan="1">4245</td></tr><tr class="passedodd"><td rowspan="3">testCases.LoginTest</td><td><a href="#m3">testCorrectUserNameCorrectPassWord</a></td><td rowspan="1">1518975192440</td><td rowspan="1">3129</td></tr><tr class="passedodd"><td><a href="#m4">testCorrectUserNameWrongPassWord</a></td><td rowspan="1">1518975213986</td><td rowspan="1">4684</td></tr><tr class="passedodd"><td><a href="#m5">testWrongUserNameCorrectPassWord</a></td><td rowspan="1">1518975240667</td><td rowspan="1">3501</td></tr></tbody></table><h2>Quandoo ProjectTest</h2><h3 id="m0">testCases.SortableTest#tableSortTestAscending</h3><table class="result"><tr><th>Exception</th></tr><tr><td><div class="stacktrace">java.lang.AssertionError: expected [true] but found [false]
	at testCases.SortableTest.tableSortTestAscending(SortableTest.java:28)
... Removed 29 stack frames</div></td></tr></table><p class="totop"><a href="#summary">back to summary</a></p><h3 id="m1">testCases.SortableTest#tableSortTestDescending</h3><table class="result"><tr><th>Exception</th></tr><tr><td><div class="stacktrace">java.lang.AssertionError: expected [true] but found [false]
	at testCases.SortableTest.tableSortTestDescending(SortableTest.java:39)
... Removed 29 stack frames</div></td></tr></table><p class="totop"><a href="#summary">back to summary</a></p><h3 id="m2">testCases.HoverTestCase#firstImageHover</h3><table class="result"></table><p class="totop"><a href="#summary">back to summary</a></p><h3 id="m3">testCases.LoginTest#testCorrectUserNameCorrectPassWord</h3><table class="result"></table><p class="totop"><a href="#summary">back to summary</a></p><h3 id="m4">testCases.LoginTest#testCorrectUserNameWrongPassWord</h3><table class="result"></table><p class="totop"><a href="#summary">back to summary</a></p><h3 id="m5">testCases.LoginTest#testWrongUserNameCorrectPassWord</h3><table class="result"></table><p class="totop"><a href="#summary">back to summary</a></p></body></html>